<?xml version="1.0" encoding="UTF-8"?>
<!-- Generated by org.testng.reporters.JUnitReportReporter -->
<testsuite hostname="DESKTOP-T04IFRJ" failures="0" tests="1" name="pm1test_data.testng" time="7.151" errors="0" timestamp="2022-11-17T22:53:20 IST" skipped="0">
  <testcase classname="pm1test_data.testng" name="method" time="7.151"/>
  <system-out/>
</testsuite> <!-- pm1test_data.testng -->
